
> phylo-movies-frontend@0.1.0 dev
> vite --port 5173 --host 127.0.0.1 --no-open --clearScreen false


✘ vite v6.3.5 is not yet supported in the Community edition of Console Ninja.
We are working hard on it for you https://tinyurl.com/3h9mtwra.

Estimated release dates:
  - Community users: around 5th July, 2025 (subject to team availability)
  - PRO users:       priority access is available now


  VITE v4.5.14  ready in 323 ms

  ➜  Local:   http://127.0.0.1:5173/
node:internal/process/promises:289
            triggerUncaughtException(err, true /* fromPromise */);
            ^

Error: connect ECONNREFUSED 127.0.0.1:65210
    at TCPConnectWrap.afterConnect [as oncomplete] (node:net:1595:16) {
  errno: -61,
  code: 'ECONNREFUSED',
  syscall: 'connect',
  address: '127.0.0.1',
  port: 65210
}

Node.js v20.9.0
