
> phylo-movies-frontend@0.1.0 dev
> vite --port 5173 --host 127.0.0.1 --no-open --clearScreen false


✘ node v24.2.0 is not yet supported in the Community edition of Console Ninja.
We are working hard on it for you https://tinyurl.com/3h9mtwra.

Estimated release dates:
  - Community users: around 9th August, 2025 (subject to team availability)
  - PRO users:       priority access is available now

Forced re-optimization of dependencies

  VITE v4.5.14  ready in 380 ms

  ➜  Local:   http://127.0.0.1:5173/
Vite Plugin - resolveId called with: {
  id: './utils/DebugPanel.js',
  importer: '/Users/berksakalli/Projects/phylo-movies/src/js/gui.js'
}
(node:23509) [DEP0060] DeprecationWarning: The `util._extend` API is deprecated. Please use Object.assign() instead.
(Use `node --trace-deprecation ...` to show where the warning was created)
4:52:45 PM [vite] http proxy error at /treedata:
AggregateError [ECONNREFUSED]: 
    at internalConnectMultiple (node:net:1134:18)
    at afterConnectMultiple (node:net:1715:7)
4:52:46 PM [vite] http proxy error at /treedata:
AggregateError [ECONNREFUSED]: 
    at internalConnectMultiple (node:net:1134:18)
    at afterConnectMultiple (node:net:1715:7)
4:52:47 PM [vite] http proxy error at /treedata:
AggregateError [ECONNREFUSED]: 
    at internalConnectMultiple (node:net:1134:18)
    at afterConnectMultiple (node:net:1715:7)
4:52:47 PM [vite] http proxy error at /treedata:
AggregateError [ECONNREFUSED]: 
    at internalConnectMultiple (node:net:1134:18)
    at afterConnectMultiple (node:net:1715:7)
4:52:47 PM [vite] http proxy error at /treedata:
AggregateError [ECONNREFUSED]: 
    at internalConnectMultiple (node:net:1134:18)
    at afterConnectMultiple (node:net:1715:7)
4:52:47 PM [vite] http proxy error at /treedata:
AggregateError [ECONNREFUSED]: 
    at internalConnectMultiple (node:net:1134:18)
    at afterConnectMultiple (node:net:1715:7)
4:53:20 PM [vite] http proxy error at /treedata:
AggregateError [ECONNREFUSED]: 
    at internalConnectMultiple (node:net:1134:18)
    at afterConnectMultiple (node:net:1715:7)
4:53:20 PM [vite] http proxy error at /treedata:
AggregateError [ECONNREFUSED]: 
    at internalConnectMultiple (node:net:1134:18)
    at afterConnectMultiple (node:net:1715:7)
4:53:20 PM [vite] http proxy error at /treedata:
AggregateError [ECONNREFUSED]: 
    at internalConnectMultiple (node:net:1134:18)
    at afterConnectMultiple (node:net:1715:7)
4:53:21 PM [vite] http proxy error at /treedata:
AggregateError [ECONNREFUSED]: 
    at internalConnectMultiple (node:net:1134:18)
    at afterConnectMultiple (node:net:1715:7)
4:53:21 PM [vite] http proxy error at /treedata:
AggregateError [ECONNREFUSED]: 
    at internalConnectMultiple (node:net:1134:18)
    at afterConnectMultiple (node:net:1715:7)
4:53:22 PM [vite] http proxy error at /treedata:
AggregateError [ECONNREFUSED]: 
    at internalConnectMultiple (node:net:1134:18)
    at afterConnectMultiple (node:net:1715:7)
Vite Plugin - resolveId called with: {
  id: './utils/DebugPanel.js',
  importer: '/Users/berksakalli/Projects/phylo-movies/src/js/gui.js'
}
Failed to resolve import "./utils/DebugPanel.js" from "src/js/gui.js". Does the file exist?
DEPRECATION WARNING [legacy-js-api]: The legacy JS API is deprecated and will be removed in Dart Sass 2.0.0.

More info: https://sass-lang.com/d/legacy-js-api

DEPRECATION WARNING [legacy-js-api]: The legacy JS API is deprecated and will be removed in Dart Sass 2.0.0.

More info: https://sass-lang.com/d/legacy-js-api

DEPRECATION WARNING [legacy-js-api]: The legacy JS API is deprecated and will be removed in Dart Sass 2.0.0.

More info: https://sass-lang.com/d/legacy-js-api

DEPRECATION WARNING [legacy-js-api]: The legacy JS API is deprecated and will be removed in Dart Sass 2.0.0.

More info: https://sass-lang.com/d/legacy-js-api

DEPRECATION WARNING [legacy-js-api]: The legacy JS API is deprecated and will be removed in Dart Sass 2.0.0.

More info: https://sass-lang.com/d/legacy-js-api

DEPRECATION WARNING [legacy-js-api]: The legacy JS API is deprecated and will be removed in Dart Sass 2.0.0.

More info: https://sass-lang.com/d/legacy-js-api

DEPRECATION WARNING [legacy-js-api]: The legacy JS API is deprecated and will be removed in Dart Sass 2.0.0.

More info: https://sass-lang.com/d/legacy-js-api

DEPRECATION WARNING [legacy-js-api]: The legacy JS API is deprecated and will be removed in Dart Sass 2.0.0.

More info: https://sass-lang.com/d/legacy-js-api

DEPRECATION WARNING [legacy-js-api]: The legacy JS API is deprecated and will be removed in Dart Sass 2.0.0.

More info: https://sass-lang.com/d/legacy-js-api

Vite Plugin - Transforming code that includes VirtualizedMatrixViewer.scss: /Users/berksakalli/Projects/phylo-movies/node_modules/alignment-viewer-2/dist/js/components/virtualization/VirtualizedMatrixViewer.scss
DEPRECATION WARNING [legacy-js-api]: The legacy JS API is deprecated and will be removed in Dart Sass 2.0.0.

More info: https://sass-lang.com/d/legacy-js-api

DEPRECATION WARNING [legacy-js-api]: The legacy JS API is deprecated and will be removed in Dart Sass 2.0.0.

More info: https://sass-lang.com/d/legacy-js-api

DEPRECATION WARNING [legacy-js-api]: The legacy JS API is deprecated and will be removed in Dart Sass 2.0.0.

More info: https://sass-lang.com/d/legacy-js-api

DEPRECATION WARNING [legacy-js-api]: The legacy JS API is deprecated and will be removed in Dart Sass 2.0.0.

More info: https://sass-lang.com/d/legacy-js-api

DEPRECATION WARNING [legacy-js-api]: The legacy JS API is deprecated and will be removed in Dart Sass 2.0.0.

More info: https://sass-lang.com/d/legacy-js-api

DEPRECATION WARNING [global-builtin]: Global built-in functions are deprecated and will be removed in Dart Sass 3.0.0.
Use map.get instead.

More info and automated migrator: https://sass-lang.com/d/import

    ╷
639 │   $alignmentClass: map-get($propsObj, topLevelAlignmentClass);
    │                    ^^^^^^^^^^^^^^^^^^^^^^^^^^^^^^^^^^^^^^^^^^
    ╵
    node_modules/alignment-viewer-2/dist/js/common/MolecularStyles.module.scss 639:20  outputMajorSelectors()
    node_modules/alignment-viewer-2/dist/js/common/MolecularStyles.module.scss 727:1   root stylesheet

DEPRECATION WARNING [global-builtin]: Global built-in functions are deprecated and will be removed in Dart Sass 3.0.0.
Use map.get instead.

More info and automated migrator: https://sass-lang.com/d/import

    ╷
641 │   @each $styleName, $styleObj in map-get($propsObj, styles) {
    │                                  ^^^^^^^^^^^^^^^^^^^^^^^^^^
    ╵
    node_modules/alignment-viewer-2/dist/js/common/MolecularStyles.module.scss 641:34  outputMajorSelectors()
    node_modules/alignment-viewer-2/dist/js/common/MolecularStyles.module.scss 727:1   root stylesheet

DEPRECATION WARNING [global-builtin]: Global built-in functions are deprecated and will be removed in Dart Sass 3.0.0.
Use map.get instead.

More info and automated migrator: https://sass-lang.com/d/import

    ╷
642 │     $styleClass: map-get($styleObj, topLevelClass);
    │                  ^^^^^^^^^^^^^^^^^^^^^^^^^^^^^^^^^
    ╵
    node_modules/alignment-viewer-2/dist/js/common/MolecularStyles.module.scss 642:18  outputMajorSelectors()
    node_modules/alignment-viewer-2/dist/js/common/MolecularStyles.module.scss 727:1   root stylesheet

DEPRECATION WARNING [global-builtin]: Global built-in functions are deprecated and will be removed in Dart Sass 3.0.0.
Use map.get instead.

More info and automated migrator: https://sass-lang.com/d/import

    ╷
643 │     $backgroundAlpha: map-get($styleObj, backgroundAlpha);
    │                       ^^^^^^^^^^^^^^^^^^^^^^^^^^^^^^^^^^^
    ╵
    node_modules/alignment-viewer-2/dist/js/common/MolecularStyles.module.scss 643:23  outputMajorSelectors()
    node_modules/alignment-viewer-2/dist/js/common/MolecularStyles.module.scss 727:1   root stylesheet

DEPRECATION WARNING [global-builtin]: Global built-in functions are deprecated and will be removed in Dart Sass 3.0.0.
Use map.get instead.

More info and automated migrator: https://sass-lang.com/d/import

    ╷
647 │     $defaultColor: map-get($styleObj, defaultLetterColor);
    │                    ^^^^^^^^^^^^^^^^^^^^^^^^^^^^^^^^^^^^^^
    ╵
    node_modules/alignment-viewer-2/dist/js/common/MolecularStyles.module.scss 647:20  outputMajorSelectors()
    node_modules/alignment-viewer-2/dist/js/common/MolecularStyles.module.scss 727:1   root stylesheet

DEPRECATION WARNING [color-functions]: red() is deprecated. Suggestion:

color.channel($color, "red", $space: rgb)

More info: https://sass-lang.com/d/color-functions

    ╷
609 │   @return math.div((red($color) * 299) + (green($color) * 587) + (blue($color) * 114), 1000);
    │                     ^^^^^^^^^^^
    ╵
    node_modules/alignment-viewer-2/dist/js/common/MolecularStyles.module.scss 609:21  brightness()
    node_modules/alignment-viewer-2/dist/js/common/MolecularStyles.module.scss 619:7   getLetterColor()
    node_modules/alignment-viewer-2/dist/js/common/MolecularStyles.module.scss 689:16  outputMajorSelectors()
    node_modules/alignment-viewer-2/dist/js/common/MolecularStyles.module.scss 727:1   root stylesheet

DEPRECATION WARNING [color-functions]: green() is deprecated. Suggestion:

color.channel($color, "green", $space: rgb)

More info: https://sass-lang.com/d/color-functions

    ╷
609 │   @return math.div((red($color) * 299) + (green($color) * 587) + (blue($color) * 114), 1000);
    │                                           ^^^^^^^^^^^^^
    ╵
    node_modules/alignment-viewer-2/dist/js/common/MolecularStyles.module.scss 609:43  brightness()
    node_modules/alignment-viewer-2/dist/js/common/MolecularStyles.module.scss 619:7   getLetterColor()
    node_modules/alignment-viewer-2/dist/js/common/MolecularStyles.module.scss 689:16  outputMajorSelectors()
    node_modules/alignment-viewer-2/dist/js/common/MolecularStyles.module.scss 727:1   root stylesheet

DEPRECATION WARNING [color-functions]: blue() is deprecated. Suggestion:

color.channel($color, "blue", $space: rgb)

More info: https://sass-lang.com/d/color-functions

    ╷
609 │   @return math.div((red($color) * 299) + (green($color) * 587) + (blue($color) * 114), 1000);
    │                                                                   ^^^^^^^^^^^^
    ╵
    node_modules/alignment-viewer-2/dist/js/common/MolecularStyles.module.scss 609:67  brightness()
    node_modules/alignment-viewer-2/dist/js/common/MolecularStyles.module.scss 619:7   getLetterColor()
    node_modules/alignment-viewer-2/dist/js/common/MolecularStyles.module.scss 689:16  outputMajorSelectors()
    node_modules/alignment-viewer-2/dist/js/common/MolecularStyles.module.scss 727:1   root stylesheet

WARNING: 55 repetitive deprecation warnings omitted.

Vite Plugin - resolveId called with: {
  id: './utils/DebugPanel.js',
  importer: '/Users/berksakalli/Projects/phylo-movies/src/js/gui.js'
}
4:53:40 PM [vite] Internal server error: Failed to resolve import "./utils/DebugPanel.js" from "src/js/gui.js". Does the file exist?
  Plugin: vite:import-analysis
  File: /Users/berksakalli/Projects/phylo-movies/src/js/gui.js:20:29
  18 |  import { UIController } from "./controllers/UIController.js";
  19 |  import { calculateWindow } from "./utils/windowUtils.js";
  20 |  import { DebugPanel } from "./utils/DebugPanel.js";
     |                              ^
  21 |  import { transformBranchLengths } from "./utils/branchTransformUtils.js";
  22 |  import { MovieTimelineManager } from "./moviePlayer/MovieTimelineManager.js";
      at formatError (file:///Users/berksakalli/Projects/phylo-movies/node_modules/vite/dist/node/chunks/dep-827b23df.js:44066:46)
      at TransformContext.error (file:///Users/berksakalli/Projects/phylo-movies/node_modules/vite/dist/node/chunks/dep-827b23df.js:44062:19)
      at normalizeUrl (file:///Users/berksakalli/Projects/phylo-movies/node_modules/vite/dist/node/chunks/dep-827b23df.js:41845:33)
      at async file:///Users/berksakalli/Projects/phylo-movies/node_modules/vite/dist/node/chunks/dep-827b23df.js:41999:47
      at async Promise.all (index 15)
      at async TransformContext.transform (file:///Users/berksakalli/Projects/phylo-movies/node_modules/vite/dist/node/chunks/dep-827b23df.js:41915:13)
      at async Object.transform (file:///Users/berksakalli/Projects/phylo-movies/node_modules/vite/dist/node/chunks/dep-827b23df.js:44356:30)
      at async loadAndTransform (file:///Users/berksakalli/Projects/phylo-movies/node_modules/vite/dist/node/chunks/dep-827b23df.js:55088:29)
      at async viteTransformMiddleware (file:///Users/berksakalli/Projects/phylo-movies/node_modules/vite/dist/node/chunks/dep-827b23df.js:64699:32)
Vite Plugin - resolveId called with: {
  id: './utils/DebugPanel.js',
  importer: '/Users/berksakalli/Projects/phylo-movies/src/js/gui.js'
}
4:54:07 PM [vite] Internal server error: Failed to resolve import "./utils/DebugPanel.js" from "src/js/gui.js". Does the file exist?
  Plugin: vite:import-analysis
  File: /Users/berksakalli/Projects/phylo-movies/src/js/gui.js:20:29
  18 |  import { UIController } from "./controllers/UIController.js";
  19 |  import { calculateWindow } from "./utils/windowUtils.js";
  20 |  import { DebugPanel } from "./utils/DebugPanel.js";
     |                              ^
  21 |  import { transformBranchLengths } from "./utils/branchTransformUtils.js";
  22 |  import { MovieTimelineManager } from "./moviePlayer/MovieTimelineManager.js";
      at formatError (file:///Users/berksakalli/Projects/phylo-movies/node_modules/vite/dist/node/chunks/dep-827b23df.js:44066:46)
      at TransformContext.error (file:///Users/berksakalli/Projects/phylo-movies/node_modules/vite/dist/node/chunks/dep-827b23df.js:44062:19)
      at normalizeUrl (file:///Users/berksakalli/Projects/phylo-movies/node_modules/vite/dist/node/chunks/dep-827b23df.js:41845:33)
      at async file:///Users/berksakalli/Projects/phylo-movies/node_modules/vite/dist/node/chunks/dep-827b23df.js:41999:47
      at async Promise.all (index 15)
      at async TransformContext.transform (file:///Users/berksakalli/Projects/phylo-movies/node_modules/vite/dist/node/chunks/dep-827b23df.js:41915:13)
      at async Object.transform (file:///Users/berksakalli/Projects/phylo-movies/node_modules/vite/dist/node/chunks/dep-827b23df.js:44356:30)
      at async loadAndTransform (file:///Users/berksakalli/Projects/phylo-movies/node_modules/vite/dist/node/chunks/dep-827b23df.js:55088:29)
      at async viteTransformMiddleware (file:///Users/berksakalli/Projects/phylo-movies/node_modules/vite/dist/node/chunks/dep-827b23df.js:64699:32)
4:56:14 PM [vite] page reload src/js/gui.js
8:56:48 PM [vite] page reload src/js/treeVisualisation/rendering/LinkRenderer.js
8:57:01 PM [vite] page reload src/js/treeVisualisation/rendering/LinkRenderer.js
8:57:02 PM [vite] page reload src/js/treeVisualisation/rendering/LinkRenderer.js
8:57:06 PM [vite] page reload src/js/treeVisualisation/rendering/LinkRenderer.js
8:57:07 PM [vite] page reload src/js/treeVisualisation/rendering/LinkRenderer.js
8:57:20 PM [vite] http proxy error at /treedata:
AggregateError [ECONNREFUSED]: 
    at internalConnectMultiple (node:net:1134:18)
    at afterConnectMultiple (node:net:1715:7)
8:59:24 PM [vite] http proxy error at /treedata:
AggregateError [ECONNREFUSED]: 
    at internalConnectMultiple (node:net:1134:18)
    at afterConnectMultiple (node:net:1715:7)
8:59:38 PM [vite] http proxy error at /treedata:
AggregateError [ECONNREFUSED]: 
    at internalConnectMultiple (node:net:1134:18)
    at afterConnectMultiple (node:net:1715:7)
8:59:39 PM [vite] http proxy error at /treedata:
AggregateError [ECONNREFUSED]: 
    at internalConnectMultiple (node:net:1134:18)
    at afterConnectMultiple (node:net:1715:7)
8:59:40 PM [vite] http proxy error at /treedata:
AggregateError [ECONNREFUSED]: 
    at internalConnectMultiple (node:net:1134:18)
    at afterConnectMultiple (node:net:1715:7)
9:00:16 PM [vite] http proxy error at /treedata:
AggregateError [ECONNREFUSED]: 
    at internalConnectMultiple (node:net:1134:18)
    at afterConnectMultiple (node:net:1715:7)
9:00:18 PM [vite] http proxy error at /treedata:
AggregateError [ECONNREFUSED]: 
    at internalConnectMultiple (node:net:1134:18)
    at afterConnectMultiple (node:net:1715:7)
9:04:06 PM [vite] page reload src/js/treeVisualisation/rendering/LabelRenderer.js
9:05:30 PM [vite] page reload src/js/treeVisualisation/TreeAnimationController.js
9:05:41 PM [vite] page reload src/js/treeVisualisation/TreeAnimationController.js
9:05:46 PM [vite] page reload src/js/partial/eventHandlers/eventHandlerRegistry.js
9:06:01 PM [vite] page reload src/js/treeVisualisation/TreeAnimationController.js
9:06:25 PM [vite] page reload src/js/treeVisualisation/TreeAnimationController.js
9:06:46 PM [vite] page reload src/js/treeVisualisation/TreeAnimationController.js
9:06:56 PM [vite] page reload src/js/treeVisualisation/TreeAnimationController.js
9:07:10 PM [vite] page reload src/js/treeVisualisation/TreeAnimationController.js
9:07:19 PM [vite] page reload src/js/treeVisualisation/TreeAnimationController.js
9:07:55 PM [vite] page reload src/js/treeVisualisation/TreeAnimationController.js
9:08:24 PM [vite] page reload src/js/gui.js
9:09:38 PM [vite] page reload src/js/gui.js
9:10:22 PM [vite] http proxy error at /treedata:
AggregateError [ECONNREFUSED]: 
    at internalConnectMultiple (node:net:1134:18)
    at afterConnectMultiple (node:net:1715:7)
9:12:03 PM [vite] http proxy error at /treedata:
AggregateError [ECONNREFUSED]: 
    at internalConnectMultiple (node:net:1134:18)
    at afterConnectMultiple (node:net:1715:7)
9:12:25 PM [vite] http proxy error at /treedata:
AggregateError [ECONNREFUSED]: 
    at internalConnectMultiple (node:net:1134:18)
    at afterConnectMultiple (node:net:1715:7)
9:12:26 PM [vite] http proxy error at /treedata:
AggregateError [ECONNREFUSED]: 
    at internalConnectMultiple (node:net:1134:18)
    at afterConnectMultiple (node:net:1715:7)
9:12:26 PM [vite] http proxy error at /treedata:
AggregateError [ECONNREFUSED]: 
    at internalConnectMultiple (node:net:1134:18)
    at afterConnectMultiple (node:net:1715:7)
9:12:56 PM [vite] http proxy error at /treedata:
AggregateError [ECONNREFUSED]: 
    at internalConnectMultiple (node:net:1134:18)
    at afterConnectMultiple (node:net:1715:7)
9:13:51 PM [vite] http proxy error at /treedata:
AggregateError [ECONNREFUSED]: 
    at internalConnectMultiple (node:net:1134:18)
    at afterConnectMultiple (node:net:1715:7)
9:13:52 PM [vite] http proxy error at /treedata:
AggregateError [ECONNREFUSED]: 
    at internalConnectMultiple (node:net:1134:18)
    at afterConnectMultiple (node:net:1715:7)
9:15:13 PM [vite] http proxy error at /treedata:
AggregateError [ECONNREFUSED]: 
    at internalConnectMultiple (node:net:1134:18)
    at afterConnectMultiple (node:net:1715:7)
9:15:17 PM [vite] http proxy error at /treedata:
AggregateError [ECONNREFUSED]: 
    at internalConnectMultiple (node:net:1134:18)
    at afterConnectMultiple (node:net:1715:7)
9:16:03 PM [vite] http proxy error at /treedata:
AggregateError [ECONNREFUSED]: 
    at internalConnectMultiple (node:net:1134:18)
    at afterConnectMultiple (node:net:1715:7)
9:20:34 PM [vite] page reload src/js/gui.js
9:20:49 PM [vite] page reload src/js/gui.js
9:20:59 PM [vite] page reload src/js/store.js
9:21:06 PM [vite] page reload src/js/store.js
9:21:13 PM [vite] page reload src/js/store.js
9:21:33 PM [vite] page reload src/js/treeVisualisation/rendering/LinkRenderer.js
9:25:52 PM [vite] page reload src/js/gui.js
9:27:02 PM [vite] page reload src/js/store.js
9:27:10 PM [vite] page reload src/js/store.js
9:29:18 PM [vite] page reload src/js/partial/eventHandlers.js
9:29:29 PM [vite] page reload src/js/main.js
9:29:53 PM [vite] page reload src/js/partial/eventHandlers/eventHandlerRegistry.js
9:31:16 PM [vite] page reload src/js/store.js
9:31:25 PM [vite] page reload src/js/gui.js
9:31:40 PM [vite] page reload src/js/gui.js
9:31:45 PM [vite] page reload src/js/store.js
9:32:47 PM [vite] page reload src/js/store.js
9:36:08 PM [vite] page reload src/js/store.js
9:36:13 PM [vite] page reload src/js/store.js
9:36:18 PM [vite] page reload src/js/store.js
9:36:25 PM [vite] page reload src/js/gui.js
9:36:39 PM [vite] page reload src/js/gui.js
9:39:09 PM [vite] page reload src/js/partial/eventHandlers/eventHandlerRegistry.js
9:39:16 PM [vite] page reload src/js/partial/eventHandlers/eventHandlerRegistry.js
9:39:22 PM [vite] page reload src/js/partial/eventHandlers/eventHandlerRegistry.js
9:39:31 PM [vite] page reload src/js/store.js
9:39:38 PM [vite] page reload src/js/store.js
9:39:48 PM [vite] page reload src/js/gui.js
9:40:07 PM [vite] page reload src/js/gui.js
9:40:29 PM [vite] page reload src/js/gui.js
9:40:39 PM [vite] page reload src/js/gui.js
9:41:19 PM [vite] page reload src/js/gui.js
9:44:27 PM [vite] page reload src/js/gui.js
9:44:52 PM [vite] page reload src/js/store.js
9:44:59 PM [vite] page reload src/js/store.js
9:45:10 PM [vite] page reload src/js/partial/eventHandlers/eventHandlerRegistry.js
9:45:18 PM [vite] page reload src/js/gui.js
9:45:37 PM [vite] page reload src/js/gui.js
9:45:45 PM [vite] page reload src/js/gui.js
9:45:54 PM [vite] page reload src/js/gui.js
9:46:01 PM [vite] page reload src/js/gui.js
9:46:07 PM [vite] page reload src/js/gui.js
9:46:13 PM [vite] page reload src/js/gui.js
9:46:24 PM [vite] page reload src/js/gui.js
9:46:33 PM [vite] page reload src/js/gui.js
9:46:40 PM [vite] page reload src/js/gui.js
9:46:45 PM [vite] page reload src/js/gui.js
9:46:54 PM [vite] page reload src/js/gui.js
9:47:01 PM [vite] page reload src/js/gui.js
9:47:08 PM [vite] page reload src/js/gui.js
9:48:25 PM [vite] page reload src/js/gui.js
9:48:43 PM [vite] page reload src/js/partial/eventHandlers/eventHandlerRegistry.js
9:48:49 PM [vite] page reload src/js/partial/eventHandlers/eventHandlerRegistry.js
9:48:56 PM [vite] page reload src/js/partial/eventHandlers/eventHandlerRegistry.js
9:49:04 PM [vite] page reload src/js/store.js
9:49:09 PM [vite] page reload src/js/store.js
9:49:19 PM [vite] page reload src/js/gui.js
9:51:56 PM [vite] page reload src/js/controllers/UIController.js
9:51:57 PM [vite] page reload src/js/controllers/UIController.js
9:52:16 PM [vite] page reload src/js/moviePlayer/MovieTimelineManager.js
9:58:56 PM [vite] page reload src/js/store.js
10:00:00 PM [vite] page reload src/js/gui.js
10:01:29 PM [vite] page reload src/js/treeVisualisation/rendering/LabelRenderer.js
10:01:29 PM [vite] page reload src/js/treeVisualisation/rendering/ExtensionRenderer.js
10:01:37 PM [vite] page reload src/js/gui.js
10:01:57 PM [vite] page reload src/js/treeVisualisation/rendering/LabelRenderer.js
10:03:30 PM [vite] page reload src/js/treeVisualisation/rendering/LabelRenderer.js
10:03:52 PM [vite] page reload src/js/treeVisualisation/rendering/ExtensionRenderer.js
10:03:53 PM [vite] page reload src/js/store.js
10:03:54 PM [vite] page reload src/js/gui.js
10:03:55 PM [vite] page reload src/js/treeVisualisation/rendering/LabelRenderer.js
10:06:28 PM [vite] page reload src/js/treeVisualisation/rendering/LinkRenderer.js
10:06:30 PM [vite] page reload src/js/treeVisualisation/rendering/LinkRenderer.js
10:07:19 PM [vite] page reload src/js/treeVisualisation/rendering/LinkRenderer.js
10:07:26 PM [vite] page reload src/js/treeVisualisation/rendering/LinkRenderer.js
10:07:27 PM [vite] page reload src/js/treeVisualisation/rendering/LinkRenderer.js
10:11:17 PM [vite] page reload src/js/treeVisualisation/rendering/LinkRenderer.js
10:12:19 PM [vite] page reload src/js/treeVisualisation/rendering/LinkRenderer.js
10:12:39 PM [vite] page reload src/js/treeVisualisation/rendering/LinkRenderer.js
10:14:50 PM [vite] page reload src/js/treeVisualisation/rendering/LinkRenderer.js
10:14:57 PM [vite] page reload src/js/treeVisualisation/rendering/LinkRenderer.js
10:14:59 PM [vite] page reload src/js/treeVisualisation/rendering/LinkRenderer.js
10:15:28 PM [vite] page reload src/js/treeVisualisation/rendering/LinkRenderer.js
10:20:42 PM [vite] page reload src/js/treeVisualisation/rendering/LinkRenderer.js
10:26:09 PM [vite] page reload src/js/treeVisualisation/rendering/LabelRenderer.js
10:26:34 PM [vite] page reload src/js/treeVisualisation/rendering/LabelRenderer.js
10:34:15 PM [vite] page reload src/js/treeVisualisation/rendering/LinkRenderer.js
10:37:18 PM [vite] page reload src/js/treeVisualisation/rendering/LinkRenderer.js
10:37:29 PM [vite] page reload src/js/treeVisualisation/rendering/LinkRenderer.js
10:37:36 PM [vite] page reload src/js/treeVisualisation/rendering/LinkRenderer.js
10:37:45 PM [vite] page reload src/js/treeVisualisation/rendering/LinkRenderer.js
Failed to parse source for import analysis because the content contains invalid JS syntax. If you are using JSX, make sure to name the file with the .jsx or .tsx extension.
10:37:46 PM [vite] Internal server error: Failed to parse source for import analysis because the content contains invalid JS syntax. If you are using JSX, make sure to name the file with the .jsx or .tsx extension.
  Plugin: vite:import-analysis
  File: /Users/berksakalli/Projects/phylo-movies/src/js/treeVisualisation/rendering/LinkRenderer.js:361:5
  359|      this.previousPositionsCache.clear();
  360|      this.currentLinksData = [];
  361|    }
     |      ^
  362|  }
  363|  
      at formatError (file:///Users/berksakalli/Projects/phylo-movies/node_modules/vite/dist/node/chunks/dep-827b23df.js:44066:46)
      at TransformContext.error (file:///Users/berksakalli/Projects/phylo-movies/node_modules/vite/dist/node/chunks/dep-827b23df.js:44062:19)
      at TransformContext.transform (file:///Users/berksakalli/Projects/phylo-movies/node_modules/vite/dist/node/chunks/dep-827b23df.js:41785:22)
      at async Object.transform (file:///Users/berksakalli/Projects/phylo-movies/node_modules/vite/dist/node/chunks/dep-827b23df.js:44356:30)
      at async loadAndTransform (file:///Users/berksakalli/Projects/phylo-movies/node_modules/vite/dist/node/chunks/dep-827b23df.js:55088:29)
      at async viteTransformMiddleware (file:///Users/berksakalli/Projects/phylo-movies/node_modules/vite/dist/node/chunks/dep-827b23df.js:64699:32)
10:38:15 PM [vite] page reload src/js/treeVisualisation/rendering/LinkRenderer.js
10:38:28 PM [vite] page reload src/js/treeVisualisation/rendering/LinkRenderer.js
10:38:30 PM [vite] page reload src/js/treeVisualisation/rendering/LinkRenderer.js
10:38:46 PM [vite] page reload src/js/treeVisualisation/rendering/LinkRenderer.js
10:40:11 PM [vite] page reload src/js/treeVisualisation/rendering/LinkRenderer.js
10:52:41 PM [vite] page reload src/js/treeVisualisation/rendering/LinkRenderer.js
10:52:52 PM [vite] page reload src/js/treeVisualisation/rendering/LinkRenderer.js
10:53:50 PM [vite] page reload src/js/treeVisualisation/rendering/LinkRenderer.js
10:53:53 PM [vite] page reload src/js/treeVisualisation/rendering/LinkRenderer.js
10:53:56 PM [vite] page reload src/js/treeVisualisation/rendering/LinkRenderer.js
10:54:24 PM [vite] page reload src/js/treeVisualisation/rendering/LinkRenderer.js
10:54:52 PM [vite] page reload src/js/treeVisualisation/rendering/LinkRenderer.js
10:55:25 PM [vite] page reload src/js/treeVisualisation/rendering/LinkRenderer.js
10:57:50 PM [vite] page reload src/js/treeVisualisation/rendering/LinkRenderer.js
Failed to parse source for import analysis because the content contains invalid JS syntax. If you are using JSX, make sure to name the file with the .jsx or .tsx extension.
10:57:51 PM [vite] Internal server error: Failed to parse source for import analysis because the content contains invalid JS syntax. If you are using JSX, make sure to name the file with the .jsx or .tsx extension.
  Plugin: vite:import-analysis
  File: /Users/berksakalli/Projects/phylo-movies/src/js/treeVisualisation/rendering/LinkRenderer.js:1:1
  1  |  import * as d3 from "d3";
     |  ^
  2  |  import { buildSvgString, buildSvgStringTime } from "../radialTreeGeometry.js";
  3  |  import { getLinkKey, getLinkSvgId } from "../utils/KeyGenerator.js";
      at formatError (file:///Users/berksakalli/Projects/phylo-movies/node_modules/vite/dist/node/chunks/dep-827b23df.js:44066:46)
      at TransformContext.error (file:///Users/berksakalli/Projects/phylo-movies/node_modules/vite/dist/node/chunks/dep-827b23df.js:44062:19)
      at TransformContext.transform (file:///Users/berksakalli/Projects/phylo-movies/node_modules/vite/dist/node/chunks/dep-827b23df.js:41785:22)
      at async Object.transform (file:///Users/berksakalli/Projects/phylo-movies/node_modules/vite/dist/node/chunks/dep-827b23df.js:44356:30)
      at async loadAndTransform (file:///Users/berksakalli/Projects/phylo-movies/node_modules/vite/dist/node/chunks/dep-827b23df.js:55088:29)
      at async viteTransformMiddleware (file:///Users/berksakalli/Projects/phylo-movies/node_modules/vite/dist/node/chunks/dep-827b23df.js:64699:32)
10:58:14 PM [vite] page reload src/js/treeVisualisation/rendering/LinkRenderer.js
10:58:20 PM [vite] page reload src/js/treeVisualisation/rendering/LinkRenderer.js
10:58:24 PM [vite] page reload src/js/treeVisualisation/rendering/LinkRenderer.js
10:58:46 PM [vite] page reload src/js/treeVisualisation/rendering/LinkRenderer.js
10:59:17 PM [vite] page reload src/js/treeVisualisation/rendering/LinkRenderer.js
11:03:10 PM [vite] page reload src/js/treeVisualisation/rendering/LabelRenderer.js
11:10:55 PM [vite] hmr update /src/css/scale-container.css?direct
